2018-01-16 00:00:01,031 INFO 3313 [egg-logrotator] app logger reload: got log-reload message
2018-01-16 00:01:38,867 INFO 3362 [egg:logger] init all loggers with options: {"dir":"/Users/michael.lu/git/github/learn-egg/egg-example/logs/egg-example","encoding":"utf8","env":"local","level":"INFO","consoleLevel":"INFO","disableConsoleAfterReady":false,"outputJSON":false,"buffer":true,"appLogName":"egg-example-web.log","coreLogName":"egg-web.log","agentLogName":"egg-agent.log","errorLogName":"common-error.log","coreLogger":{"consoleLevel":"WARN"},"allowDebugAtProd":true,"type":"application"}
2018-01-16 00:01:39,005 INFO 3362 [egg-schedule]: register schedule /Users/michael.lu/git/github/learn-egg/egg-example/node_modules/egg-logrotator/app/schedule/clean_log.js
2018-01-16 00:01:39,005 INFO 3362 [egg-schedule]: register schedule /Users/michael.lu/git/github/learn-egg/egg-example/node_modules/egg-logrotator/app/schedule/rotate_by_file.js
2018-01-16 00:01:39,311 INFO 3362 [egg-static] starting static serve /public/ -> /Users/michael.lu/git/github/learn-egg/egg-example/app/public
2018-01-16 00:01:39,333 INFO 3362 [egg-security] use csrf middleware
2018-01-16 00:01:39,335 INFO 3362 [egg-security] use methodnoallow middleware
2018-01-16 00:01:39,337 INFO 3362 [egg-security] use noopen middleware
2018-01-16 00:01:39,342 INFO 3362 [egg-security] use nosniff middleware
2018-01-16 00:01:39,350 INFO 3362 [egg-security] use xssProtection middleware
2018-01-16 00:01:39,352 INFO 3362 [egg-security] use xframe middleware
2018-01-16 00:01:39,354 INFO 3362 [egg-security] use dta middleware
2018-01-16 00:01:39,354 INFO 3362 [egg-security] compose 7 middlewares into one security middleware
2018-01-16 00:01:39,396 INFO 3362 [egg-watcher:app] watcher start success
2018-01-16 00:02:40,519 INFO 3378 [egg:logger] init all loggers with options: {"dir":"/Users/michael.lu/git/github/learn-egg/egg-example/logs/egg-example","encoding":"utf8","env":"local","level":"INFO","consoleLevel":"INFO","disableConsoleAfterReady":false,"outputJSON":false,"buffer":true,"appLogName":"egg-example-web.log","coreLogName":"egg-web.log","agentLogName":"egg-agent.log","errorLogName":"common-error.log","coreLogger":{"consoleLevel":"WARN"},"allowDebugAtProd":true,"type":"application"}
2018-01-16 00:02:40,588 INFO 3378 [egg-schedule]: register schedule /Users/michael.lu/git/github/learn-egg/egg-example/node_modules/egg-logrotator/app/schedule/clean_log.js
2018-01-16 00:02:40,588 INFO 3378 [egg-schedule]: register schedule /Users/michael.lu/git/github/learn-egg/egg-example/node_modules/egg-logrotator/app/schedule/rotate_by_file.js
2018-01-16 00:02:40,693 INFO 3378 [egg-static] starting static serve /public/ -> /Users/michael.lu/git/github/learn-egg/egg-example/app/public
2018-01-16 00:02:40,706 INFO 3378 [egg-security] use csrf middleware
2018-01-16 00:02:40,710 INFO 3378 [egg-security] use methodnoallow middleware
2018-01-16 00:02:40,712 INFO 3378 [egg-security] use noopen middleware
2018-01-16 00:02:40,713 INFO 3378 [egg-security] use nosniff middleware
2018-01-16 00:02:40,714 INFO 3378 [egg-security] use xssProtection middleware
2018-01-16 00:02:40,714 INFO 3378 [egg-security] use xframe middleware
2018-01-16 00:02:40,715 INFO 3378 [egg-security] use dta middleware
2018-01-16 00:02:40,715 INFO 3378 [egg-security] compose 7 middlewares into one security middleware
2018-01-16 00:02:40,756 INFO 3378 [egg-watcher:app] watcher start success
2018-01-16 00:03:35,825 INFO 3412 [egg:logger] init all loggers with options: {"dir":"/Users/michael.lu/git/github/learn-egg/egg-example/logs/egg-example","encoding":"utf8","env":"local","level":"INFO","consoleLevel":"INFO","disableConsoleAfterReady":false,"outputJSON":false,"buffer":true,"appLogName":"egg-example-web.log","coreLogName":"egg-web.log","agentLogName":"egg-agent.log","errorLogName":"common-error.log","coreLogger":{"consoleLevel":"WARN"},"allowDebugAtProd":true,"type":"application"}
2018-01-16 00:03:35,876 INFO 3412 [egg-schedule]: register schedule /Users/michael.lu/git/github/learn-egg/egg-example/node_modules/egg-logrotator/app/schedule/clean_log.js
2018-01-16 00:03:35,877 INFO 3412 [egg-schedule]: register schedule /Users/michael.lu/git/github/learn-egg/egg-example/node_modules/egg-logrotator/app/schedule/rotate_by_file.js
2018-01-16 00:03:35,979 INFO 3412 [egg-static] starting static serve /public/ -> /Users/michael.lu/git/github/learn-egg/egg-example/app/public
2018-01-16 00:03:35,982 INFO 3412 [egg-security] use csrf middleware
2018-01-16 00:03:35,984 INFO 3412 [egg-security] use methodnoallow middleware
2018-01-16 00:03:35,984 INFO 3412 [egg-security] use noopen middleware
2018-01-16 00:03:35,985 INFO 3412 [egg-security] use nosniff middleware
2018-01-16 00:03:35,986 INFO 3412 [egg-security] use xssProtection middleware
2018-01-16 00:03:35,988 INFO 3412 [egg-security] use xframe middleware
2018-01-16 00:03:35,989 INFO 3412 [egg-security] use dta middleware
2018-01-16 00:03:35,989 INFO 3412 [egg-security] compose 7 middlewares into one security middleware
2018-01-16 00:03:36,037 INFO 3412 [egg-watcher:app] watcher start success
2018-01-16 00:04:38,733 INFO 3426 [egg:logger] init all loggers with options: {"dir":"/Users/michael.lu/git/github/learn-egg/egg-example/logs/egg-example","encoding":"utf8","env":"local","level":"INFO","consoleLevel":"INFO","disableConsoleAfterReady":false,"outputJSON":false,"buffer":true,"appLogName":"egg-example-web.log","coreLogName":"egg-web.log","agentLogName":"egg-agent.log","errorLogName":"common-error.log","coreLogger":{"consoleLevel":"WARN"},"allowDebugAtProd":true,"type":"application"}
2018-01-16 00:04:38,813 INFO 3426 [egg-schedule]: register schedule /Users/michael.lu/git/github/learn-egg/egg-example/node_modules/egg-logrotator/app/schedule/clean_log.js
2018-01-16 00:04:38,813 INFO 3426 [egg-schedule]: register schedule /Users/michael.lu/git/github/learn-egg/egg-example/node_modules/egg-logrotator/app/schedule/rotate_by_file.js
2018-01-16 00:04:39,231 INFO 3426 [egg-static] starting static serve /public/ -> /Users/michael.lu/git/github/learn-egg/egg-example/app/public
2018-01-16 00:04:39,237 INFO 3426 [egg-security] use csrf middleware
2018-01-16 00:04:39,239 INFO 3426 [egg-security] use methodnoallow middleware
2018-01-16 00:04:39,241 INFO 3426 [egg-security] use noopen middleware
2018-01-16 00:04:39,244 INFO 3426 [egg-security] use nosniff middleware
2018-01-16 00:04:39,246 INFO 3426 [egg-security] use xssProtection middleware
2018-01-16 00:04:39,248 INFO 3426 [egg-security] use xframe middleware
2018-01-16 00:04:39,249 INFO 3426 [egg-security] use dta middleware
2018-01-16 00:04:39,249 INFO 3426 [egg-security] compose 7 middlewares into one security middleware
2018-01-16 00:04:39,285 INFO 3426 [egg-watcher:app] watcher start success
2018-01-16 00:05:38,436 INFO 3467 [egg:logger] init all loggers with options: {"dir":"/Users/michael.lu/git/github/learn-egg/egg-example/logs/egg-example","encoding":"utf8","env":"local","level":"INFO","consoleLevel":"INFO","disableConsoleAfterReady":false,"outputJSON":false,"buffer":true,"appLogName":"egg-example-web.log","coreLogName":"egg-web.log","agentLogName":"egg-agent.log","errorLogName":"common-error.log","coreLogger":{"consoleLevel":"WARN"},"allowDebugAtProd":true,"type":"application"}
2018-01-16 00:05:38,472 INFO 3467 [egg-schedule]: register schedule /Users/michael.lu/git/github/learn-egg/egg-example/node_modules/egg-logrotator/app/schedule/clean_log.js
2018-01-16 00:05:38,472 INFO 3467 [egg-schedule]: register schedule /Users/michael.lu/git/github/learn-egg/egg-example/node_modules/egg-logrotator/app/schedule/rotate_by_file.js
2018-01-16 00:05:38,591 INFO 3467 [egg-static] starting static serve /public/ -> /Users/michael.lu/git/github/learn-egg/egg-example/app/public
2018-01-16 00:05:38,595 INFO 3467 [egg-security] use csrf middleware
2018-01-16 00:05:38,597 INFO 3467 [egg-security] use methodnoallow middleware
2018-01-16 00:05:38,598 INFO 3467 [egg-security] use noopen middleware
2018-01-16 00:05:38,600 INFO 3467 [egg-security] use nosniff middleware
2018-01-16 00:05:38,601 INFO 3467 [egg-security] use xssProtection middleware
2018-01-16 00:05:38,603 INFO 3467 [egg-security] use xframe middleware
2018-01-16 00:05:38,604 INFO 3467 [egg-security] use dta middleware
2018-01-16 00:05:38,604 INFO 3467 [egg-security] compose 7 middlewares into one security middleware
2018-01-16 00:05:38,641 INFO 3467 [egg-watcher:app] watcher start success
2018-01-16 00:06:58,046 INFO 3502 [egg:logger] init all loggers with options: {"dir":"/Users/michael.lu/git/github/learn-egg/egg-example/logs/egg-example","encoding":"utf8","env":"local","level":"INFO","consoleLevel":"INFO","disableConsoleAfterReady":false,"outputJSON":false,"buffer":true,"appLogName":"egg-example-web.log","coreLogName":"egg-web.log","agentLogName":"egg-agent.log","errorLogName":"common-error.log","coreLogger":{"consoleLevel":"WARN"},"allowDebugAtProd":true,"type":"application"}
2018-01-16 00:06:58,112 INFO 3502 [egg-schedule]: register schedule /Users/michael.lu/git/github/learn-egg/egg-example/node_modules/egg-logrotator/app/schedule/clean_log.js
2018-01-16 00:06:58,112 INFO 3502 [egg-schedule]: register schedule /Users/michael.lu/git/github/learn-egg/egg-example/node_modules/egg-logrotator/app/schedule/rotate_by_file.js
2018-01-16 00:06:58,263 INFO 3502 [egg-static] starting static serve /public/ -> /Users/michael.lu/git/github/learn-egg/egg-example/app/public
2018-01-16 00:06:58,269 INFO 3502 [egg-security] use csrf middleware
2018-01-16 00:06:58,272 INFO 3502 [egg-security] use methodnoallow middleware
2018-01-16 00:06:58,274 INFO 3502 [egg-security] use noopen middleware
2018-01-16 00:06:58,276 INFO 3502 [egg-security] use nosniff middleware
2018-01-16 00:06:58,277 INFO 3502 [egg-security] use xssProtection middleware
2018-01-16 00:06:58,279 INFO 3502 [egg-security] use xframe middleware
2018-01-16 00:06:58,281 INFO 3502 [egg-security] use dta middleware
2018-01-16 00:06:58,281 INFO 3502 [egg-security] compose 7 middlewares into one security middleware
2018-01-16 00:06:58,322 INFO 3502 [egg-watcher:app] watcher start success
2018-01-16 00:07:25,902 INFO 3517 [egg:logger] init all loggers with options: {"dir":"/Users/michael.lu/git/github/learn-egg/egg-example/logs/egg-example","encoding":"utf8","env":"local","level":"INFO","consoleLevel":"INFO","disableConsoleAfterReady":false,"outputJSON":false,"buffer":true,"appLogName":"egg-example-web.log","coreLogName":"egg-web.log","agentLogName":"egg-agent.log","errorLogName":"common-error.log","coreLogger":{"consoleLevel":"WARN"},"allowDebugAtProd":true,"type":"application"}
2018-01-16 00:07:25,940 INFO 3517 [egg-schedule]: register schedule /Users/michael.lu/git/github/learn-egg/egg-example/node_modules/egg-logrotator/app/schedule/clean_log.js
2018-01-16 00:07:25,940 INFO 3517 [egg-schedule]: register schedule /Users/michael.lu/git/github/learn-egg/egg-example/node_modules/egg-logrotator/app/schedule/rotate_by_file.js
2018-01-16 00:07:26,004 INFO 3517 [egg-static] starting static serve /public/ -> /Users/michael.lu/git/github/learn-egg/egg-example/app/public
2018-01-16 00:07:26,008 INFO 3517 [egg-security] use csrf middleware
2018-01-16 00:07:26,009 INFO 3517 [egg-security] use methodnoallow middleware
2018-01-16 00:07:26,009 INFO 3517 [egg-security] use noopen middleware
2018-01-16 00:07:26,009 INFO 3517 [egg-security] use nosniff middleware
2018-01-16 00:07:26,010 INFO 3517 [egg-security] use xssProtection middleware
2018-01-16 00:07:26,010 INFO 3517 [egg-security] use xframe middleware
2018-01-16 00:07:26,010 INFO 3517 [egg-security] use dta middleware
2018-01-16 00:07:26,010 INFO 3517 [egg-security] compose 7 middlewares into one security middleware
2018-01-16 00:07:26,043 INFO 3517 [egg-watcher:app] watcher start success
2018-01-16 00:07:45,892 INFO 3525 [egg:logger] init all loggers with options: {"dir":"/Users/michael.lu/git/github/learn-egg/egg-example/logs/egg-example","encoding":"utf8","env":"local","level":"INFO","consoleLevel":"INFO","disableConsoleAfterReady":false,"outputJSON":false,"buffer":true,"appLogName":"egg-example-web.log","coreLogName":"egg-web.log","agentLogName":"egg-agent.log","errorLogName":"common-error.log","coreLogger":{"consoleLevel":"WARN"},"allowDebugAtProd":true,"type":"application"}
2018-01-16 00:07:45,928 INFO 3525 [egg-schedule]: register schedule /Users/michael.lu/git/github/learn-egg/egg-example/node_modules/egg-logrotator/app/schedule/clean_log.js
2018-01-16 00:07:45,929 INFO 3525 [egg-schedule]: register schedule /Users/michael.lu/git/github/learn-egg/egg-example/node_modules/egg-logrotator/app/schedule/rotate_by_file.js
2018-01-16 00:07:45,982 INFO 3525 [egg-static] starting static serve /public/ -> /Users/michael.lu/git/github/learn-egg/egg-example/app/public
2018-01-16 00:07:45,984 INFO 3525 [egg-security] use csrf middleware
2018-01-16 00:07:45,987 INFO 3525 [egg-security] use methodnoallow middleware
2018-01-16 00:07:45,988 INFO 3525 [egg-security] use noopen middleware
2018-01-16 00:07:45,988 INFO 3525 [egg-security] use nosniff middleware
2018-01-16 00:07:45,989 INFO 3525 [egg-security] use xssProtection middleware
2018-01-16 00:07:45,989 INFO 3525 [egg-security] use xframe middleware
2018-01-16 00:07:45,990 INFO 3525 [egg-security] use dta middleware
2018-01-16 00:07:45,990 INFO 3525 [egg-security] compose 7 middlewares into one security middleware
2018-01-16 00:07:46,024 INFO 3525 [egg-watcher:app] watcher start success
2018-01-16 00:08:27,698 INFO 3541 [egg:logger] init all loggers with options: {"dir":"/Users/michael.lu/git/github/learn-egg/egg-example/logs/egg-example","encoding":"utf8","env":"local","level":"INFO","consoleLevel":"INFO","disableConsoleAfterReady":false,"outputJSON":false,"buffer":true,"appLogName":"egg-example-web.log","coreLogName":"egg-web.log","agentLogName":"egg-agent.log","errorLogName":"common-error.log","coreLogger":{"consoleLevel":"WARN"},"allowDebugAtProd":true,"type":"application"}
2018-01-16 00:08:27,747 INFO 3541 [egg-schedule]: register schedule /Users/michael.lu/git/github/learn-egg/egg-example/node_modules/egg-logrotator/app/schedule/clean_log.js
2018-01-16 00:08:27,747 INFO 3541 [egg-schedule]: register schedule /Users/michael.lu/git/github/learn-egg/egg-example/node_modules/egg-logrotator/app/schedule/rotate_by_file.js
2018-01-16 00:08:27,812 INFO 3541 [egg-static] starting static serve /public/ -> /Users/michael.lu/git/github/learn-egg/egg-example/app/public
2018-01-16 00:08:27,816 INFO 3541 [egg-security] use csrf middleware
2018-01-16 00:08:27,817 INFO 3541 [egg-security] use methodnoallow middleware
2018-01-16 00:08:27,818 INFO 3541 [egg-security] use noopen middleware
2018-01-16 00:08:27,818 INFO 3541 [egg-security] use nosniff middleware
2018-01-16 00:08:27,819 INFO 3541 [egg-security] use xssProtection middleware
2018-01-16 00:08:27,820 INFO 3541 [egg-security] use xframe middleware
2018-01-16 00:08:27,820 INFO 3541 [egg-security] use dta middleware
2018-01-16 00:08:27,820 INFO 3541 [egg-security] compose 7 middlewares into one security middleware
2018-01-16 00:08:27,865 INFO 3541 [egg-watcher:app] watcher start success
2018-01-16 00:09:05,766 INFO 3541 [egg-view-nunjucks] loading templates from ["/Users/michael.lu/git/github/learn-egg/egg-example/app/view"]
2018-01-16 00:09:34,690 INFO 3584 [egg:logger] init all loggers with options: {"dir":"/Users/michael.lu/git/github/learn-egg/egg-example/logs/egg-example","encoding":"utf8","env":"local","level":"INFO","consoleLevel":"INFO","disableConsoleAfterReady":false,"outputJSON":false,"buffer":true,"appLogName":"egg-example-web.log","coreLogName":"egg-web.log","agentLogName":"egg-agent.log","errorLogName":"common-error.log","coreLogger":{"consoleLevel":"WARN"},"allowDebugAtProd":true,"type":"application"}
2018-01-16 00:09:34,768 INFO 3584 [egg-schedule]: register schedule /Users/michael.lu/git/github/learn-egg/egg-example/node_modules/egg-logrotator/app/schedule/clean_log.js
2018-01-16 00:09:34,768 INFO 3584 [egg-schedule]: register schedule /Users/michael.lu/git/github/learn-egg/egg-example/node_modules/egg-logrotator/app/schedule/rotate_by_file.js
2018-01-16 00:09:34,827 INFO 3584 [egg-static] starting static serve /public/ -> /Users/michael.lu/git/github/learn-egg/egg-example/app/public
2018-01-16 00:09:34,830 INFO 3584 [egg-security] use csrf middleware
2018-01-16 00:09:34,831 INFO 3584 [egg-security] use methodnoallow middleware
2018-01-16 00:09:34,831 INFO 3584 [egg-security] use noopen middleware
2018-01-16 00:09:34,832 INFO 3584 [egg-security] use nosniff middleware
2018-01-16 00:09:34,832 INFO 3584 [egg-security] use xssProtection middleware
2018-01-16 00:09:34,832 INFO 3584 [egg-security] use xframe middleware
2018-01-16 00:09:34,833 INFO 3584 [egg-security] use dta middleware
2018-01-16 00:09:34,833 INFO 3584 [egg-security] compose 7 middlewares into one security middleware
2018-01-16 00:09:34,879 INFO 3584 [egg-watcher:app] watcher start success
2018-01-16 00:09:53,838 INFO 3592 [egg:logger] init all loggers with options: {"dir":"/Users/michael.lu/git/github/learn-egg/egg-example/logs/egg-example","encoding":"utf8","env":"local","level":"INFO","consoleLevel":"INFO","disableConsoleAfterReady":false,"outputJSON":false,"buffer":true,"appLogName":"egg-example-web.log","coreLogName":"egg-web.log","agentLogName":"egg-agent.log","errorLogName":"common-error.log","coreLogger":{"consoleLevel":"WARN"},"allowDebugAtProd":true,"type":"application"}
2018-01-16 00:09:53,874 INFO 3592 [egg-schedule]: register schedule /Users/michael.lu/git/github/learn-egg/egg-example/node_modules/egg-logrotator/app/schedule/clean_log.js
2018-01-16 00:09:53,874 INFO 3592 [egg-schedule]: register schedule /Users/michael.lu/git/github/learn-egg/egg-example/node_modules/egg-logrotator/app/schedule/rotate_by_file.js
2018-01-16 00:09:53,929 INFO 3592 [egg-static] starting static serve /public/ -> /Users/michael.lu/git/github/learn-egg/egg-example/app/public
2018-01-16 00:09:53,931 INFO 3592 [egg-security] use csrf middleware
2018-01-16 00:09:53,932 INFO 3592 [egg-security] use methodnoallow middleware
2018-01-16 00:09:53,933 INFO 3592 [egg-security] use noopen middleware
2018-01-16 00:09:53,933 INFO 3592 [egg-security] use nosniff middleware
2018-01-16 00:09:53,934 INFO 3592 [egg-security] use xssProtection middleware
2018-01-16 00:09:53,935 INFO 3592 [egg-security] use xframe middleware
2018-01-16 00:09:53,935 INFO 3592 [egg-security] use dta middleware
2018-01-16 00:09:53,935 INFO 3592 [egg-security] compose 7 middlewares into one security middleware
2018-01-16 00:09:53,973 INFO 3592 [egg-watcher:app] watcher start success
2018-01-16 00:10:39,643 INFO 3592 [egg-view-nunjucks] loading templates from ["/Users/michael.lu/git/github/learn-egg/egg-example/app/view"]
2018-01-16 00:11:51,264 INFO 3629 [egg:logger] init all loggers with options: {"dir":"/Users/michael.lu/git/github/learn-egg/egg-example/logs/egg-example","encoding":"utf8","env":"local","level":"INFO","consoleLevel":"INFO","disableConsoleAfterReady":false,"outputJSON":false,"buffer":true,"appLogName":"egg-example-web.log","coreLogName":"egg-web.log","agentLogName":"egg-agent.log","errorLogName":"common-error.log","coreLogger":{"consoleLevel":"WARN"},"allowDebugAtProd":true,"type":"application"}
2018-01-16 00:11:51,355 INFO 3629 [egg-schedule]: register schedule /Users/michael.lu/git/github/learn-egg/egg-example/node_modules/egg-logrotator/app/schedule/clean_log.js
2018-01-16 00:11:51,355 INFO 3629 [egg-schedule]: register schedule /Users/michael.lu/git/github/learn-egg/egg-example/node_modules/egg-logrotator/app/schedule/rotate_by_file.js
2018-01-16 00:11:51,502 INFO 3629 [egg-static] starting static serve /public/ -> /Users/michael.lu/git/github/learn-egg/egg-example/app/public
2018-01-16 00:11:51,507 INFO 3629 [egg-security] use csrf middleware
2018-01-16 00:11:51,509 INFO 3629 [egg-security] use methodnoallow middleware
2018-01-16 00:11:51,510 INFO 3629 [egg-security] use noopen middleware
2018-01-16 00:11:51,511 INFO 3629 [egg-security] use nosniff middleware
2018-01-16 00:11:51,512 INFO 3629 [egg-security] use xssProtection middleware
2018-01-16 00:11:51,513 INFO 3629 [egg-security] use xframe middleware
2018-01-16 00:11:51,514 INFO 3629 [egg-security] use dta middleware
2018-01-16 00:11:51,514 INFO 3629 [egg-security] compose 7 middlewares into one security middleware
2018-01-16 00:11:51,542 INFO 3629 [egg-watcher:app] watcher start success
2018-01-16 00:11:56,657 INFO 3629 [egg-view-nunjucks] loading templates from ["/Users/michael.lu/git/github/learn-egg/egg-example/app/view"]
2018-01-16 00:12:17,818 INFO 3672 [egg:logger] init all loggers with options: {"dir":"/Users/michael.lu/git/github/learn-egg/egg-example/logs/egg-example","encoding":"utf8","env":"local","level":"INFO","consoleLevel":"INFO","disableConsoleAfterReady":false,"outputJSON":false,"buffer":true,"appLogName":"egg-example-web.log","coreLogName":"egg-web.log","agentLogName":"egg-agent.log","errorLogName":"common-error.log","coreLogger":{"consoleLevel":"WARN"},"allowDebugAtProd":true,"type":"application"}
2018-01-16 00:12:17,851 INFO 3672 [egg-schedule]: register schedule /Users/michael.lu/git/github/learn-egg/egg-example/node_modules/egg-logrotator/app/schedule/clean_log.js
2018-01-16 00:12:17,851 INFO 3672 [egg-schedule]: register schedule /Users/michael.lu/git/github/learn-egg/egg-example/node_modules/egg-logrotator/app/schedule/rotate_by_file.js
2018-01-16 00:12:17,908 INFO 3672 [egg-static] starting static serve /public/ -> /Users/michael.lu/git/github/learn-egg/egg-example/app/public
2018-01-16 00:12:17,911 INFO 3672 [egg-security] use csrf middleware
2018-01-16 00:12:17,912 INFO 3672 [egg-security] use methodnoallow middleware
2018-01-16 00:12:17,913 INFO 3672 [egg-security] use noopen middleware
2018-01-16 00:12:17,913 INFO 3672 [egg-security] use nosniff middleware
2018-01-16 00:12:17,913 INFO 3672 [egg-security] use xssProtection middleware
2018-01-16 00:12:17,914 INFO 3672 [egg-security] use xframe middleware
2018-01-16 00:12:17,914 INFO 3672 [egg-security] use dta middleware
2018-01-16 00:12:17,914 INFO 3672 [egg-security] compose 7 middlewares into one security middleware
2018-01-16 00:12:17,952 INFO 3672 [egg-watcher:app] watcher start success
2018-01-16 00:12:49,266 INFO 3672 [egg-view-nunjucks] loading templates from ["/Users/michael.lu/git/github/learn-egg/egg-example/app/view"]
2018-01-16 00:13:27,121 INFO 3687 [egg:logger] init all loggers with options: {"dir":"/Users/michael.lu/git/github/learn-egg/egg-example/logs/egg-example","encoding":"utf8","env":"local","level":"INFO","consoleLevel":"INFO","disableConsoleAfterReady":false,"outputJSON":false,"buffer":true,"appLogName":"egg-example-web.log","coreLogName":"egg-web.log","agentLogName":"egg-agent.log","errorLogName":"common-error.log","coreLogger":{"consoleLevel":"WARN"},"allowDebugAtProd":true,"type":"application"}
2018-01-16 00:13:27,177 INFO 3687 [egg-schedule]: register schedule /Users/michael.lu/git/github/learn-egg/egg-example/node_modules/egg-logrotator/app/schedule/clean_log.js
2018-01-16 00:13:27,177 INFO 3687 [egg-schedule]: register schedule /Users/michael.lu/git/github/learn-egg/egg-example/node_modules/egg-logrotator/app/schedule/rotate_by_file.js
2018-01-16 00:13:27,410 INFO 3687 [egg-static] starting static serve /public/ -> /Users/michael.lu/git/github/learn-egg/egg-example/app/public
2018-01-16 00:13:27,424 INFO 3687 [egg-security] use csrf middleware
2018-01-16 00:13:27,427 INFO 3687 [egg-security] use methodnoallow middleware
2018-01-16 00:13:27,429 INFO 3687 [egg-security] use noopen middleware
2018-01-16 00:13:27,431 INFO 3687 [egg-security] use nosniff middleware
2018-01-16 00:13:27,432 INFO 3687 [egg-security] use xssProtection middleware
2018-01-16 00:13:27,434 INFO 3687 [egg-security] use xframe middleware
2018-01-16 00:13:27,435 INFO 3687 [egg-security] use dta middleware
2018-01-16 00:13:27,435 INFO 3687 [egg-security] compose 7 middlewares into one security middleware
2018-01-16 00:13:27,530 INFO 3687 [egg-watcher:app] watcher start success
2018-01-16 00:13:31,381 INFO 3696 [egg:logger] init all loggers with options: {"dir":"/Users/michael.lu/git/github/learn-egg/egg-example/logs/egg-example","encoding":"utf8","env":"local","level":"INFO","consoleLevel":"INFO","disableConsoleAfterReady":false,"outputJSON":false,"buffer":true,"appLogName":"egg-example-web.log","coreLogName":"egg-web.log","agentLogName":"egg-agent.log","errorLogName":"common-error.log","coreLogger":{"consoleLevel":"WARN"},"allowDebugAtProd":true,"type":"application"}
2018-01-16 00:13:31,430 INFO 3696 [egg-schedule]: register schedule /Users/michael.lu/git/github/learn-egg/egg-example/node_modules/egg-logrotator/app/schedule/clean_log.js
2018-01-16 00:13:31,430 INFO 3696 [egg-schedule]: register schedule /Users/michael.lu/git/github/learn-egg/egg-example/node_modules/egg-logrotator/app/schedule/rotate_by_file.js
2018-01-16 00:13:31,501 INFO 3696 [egg-static] starting static serve /public/ -> /Users/michael.lu/git/github/learn-egg/egg-example/app/public
2018-01-16 00:13:31,504 INFO 3696 [egg-security] use csrf middleware
2018-01-16 00:13:31,506 INFO 3696 [egg-security] use methodnoallow middleware
2018-01-16 00:13:31,507 INFO 3696 [egg-security] use noopen middleware
2018-01-16 00:13:31,507 INFO 3696 [egg-security] use nosniff middleware
2018-01-16 00:13:31,508 INFO 3696 [egg-security] use xssProtection middleware
2018-01-16 00:13:31,509 INFO 3696 [egg-security] use xframe middleware
2018-01-16 00:13:31,509 INFO 3696 [egg-security] use dta middleware
2018-01-16 00:13:31,509 INFO 3696 [egg-security] compose 7 middlewares into one security middleware
2018-01-16 00:13:31,548 INFO 3696 [egg-watcher:app] watcher start success
2018-01-16 00:13:35,594 INFO 3696 [egg-view-nunjucks] loading templates from ["/Users/michael.lu/git/github/learn-egg/egg-example/app/view"]
2018-01-16 00:14:19,699 INFO 3711 [egg:logger] init all loggers with options: {"dir":"/Users/michael.lu/git/github/learn-egg/egg-example/logs/egg-example","encoding":"utf8","env":"local","level":"INFO","consoleLevel":"INFO","disableConsoleAfterReady":false,"outputJSON":false,"buffer":true,"appLogName":"egg-example-web.log","coreLogName":"egg-web.log","agentLogName":"egg-agent.log","errorLogName":"common-error.log","coreLogger":{"consoleLevel":"WARN"},"allowDebugAtProd":true,"type":"application"}
2018-01-16 00:14:19,734 INFO 3711 [egg-schedule]: register schedule /Users/michael.lu/git/github/learn-egg/egg-example/node_modules/egg-logrotator/app/schedule/clean_log.js
2018-01-16 00:14:19,734 INFO 3711 [egg-schedule]: register schedule /Users/michael.lu/git/github/learn-egg/egg-example/node_modules/egg-logrotator/app/schedule/rotate_by_file.js
2018-01-16 00:14:19,781 INFO 3711 [egg-static] starting static serve /public/ -> /Users/michael.lu/git/github/learn-egg/egg-example/app/public
2018-01-16 00:14:19,785 INFO 3711 [egg-security] use csrf middleware
2018-01-16 00:14:19,786 INFO 3711 [egg-security] use methodnoallow middleware
2018-01-16 00:14:19,787 INFO 3711 [egg-security] use noopen middleware
2018-01-16 00:14:19,787 INFO 3711 [egg-security] use nosniff middleware
2018-01-16 00:14:19,787 INFO 3711 [egg-security] use xssProtection middleware
2018-01-16 00:14:19,788 INFO 3711 [egg-security] use xframe middleware
2018-01-16 00:14:19,788 INFO 3711 [egg-security] use dta middleware
2018-01-16 00:14:19,788 INFO 3711 [egg-security] compose 7 middlewares into one security middleware
2018-01-16 00:14:19,831 INFO 3711 [egg-watcher:app] watcher start success
2018-01-16 00:16:58,985 INFO 3756 [egg:logger] init all loggers with options: {"dir":"/Users/michael.lu/git/github/learn-egg/egg-example/logs/egg-example","encoding":"utf8","env":"local","level":"INFO","consoleLevel":"INFO","disableConsoleAfterReady":false,"outputJSON":false,"buffer":true,"appLogName":"egg-example-web.log","coreLogName":"egg-web.log","agentLogName":"egg-agent.log","errorLogName":"common-error.log","coreLogger":{"consoleLevel":"WARN"},"allowDebugAtProd":true,"type":"application"}
2018-01-16 00:16:59,018 INFO 3756 [egg-schedule]: register schedule /Users/michael.lu/git/github/learn-egg/egg-example/node_modules/egg-logrotator/app/schedule/clean_log.js
2018-01-16 00:16:59,018 INFO 3756 [egg-schedule]: register schedule /Users/michael.lu/git/github/learn-egg/egg-example/node_modules/egg-logrotator/app/schedule/rotate_by_file.js
2018-01-16 00:16:59,063 INFO 3756 [egg-static] starting static serve /public/ -> /Users/michael.lu/git/github/learn-egg/egg-example/app/public
2018-01-16 00:16:59,066 INFO 3756 [egg-security] use csrf middleware
2018-01-16 00:16:59,066 INFO 3756 [egg-security] use methodnoallow middleware
2018-01-16 00:16:59,067 INFO 3756 [egg-security] use noopen middleware
2018-01-16 00:16:59,067 INFO 3756 [egg-security] use nosniff middleware
2018-01-16 00:16:59,067 INFO 3756 [egg-security] use xssProtection middleware
2018-01-16 00:16:59,068 INFO 3756 [egg-security] use xframe middleware
2018-01-16 00:16:59,068 INFO 3756 [egg-security] use dta middleware
2018-01-16 00:16:59,068 INFO 3756 [egg-security] compose 7 middlewares into one security middleware
2018-01-16 00:16:59,097 INFO 3756 [egg-watcher:app] watcher start success
2018-01-16 00:17:02,985 INFO 3756 [egg-view-nunjucks] loading templates from ["/Users/michael.lu/git/github/learn-egg/egg-example/app/view"]
2018-01-16 00:17:15,988 INFO 3768 [egg:logger] init all loggers with options: {"dir":"/Users/michael.lu/git/github/learn-egg/egg-example/logs/egg-example","encoding":"utf8","env":"local","level":"INFO","consoleLevel":"INFO","disableConsoleAfterReady":false,"outputJSON":false,"buffer":true,"appLogName":"egg-example-web.log","coreLogName":"egg-web.log","agentLogName":"egg-agent.log","errorLogName":"common-error.log","coreLogger":{"consoleLevel":"WARN"},"allowDebugAtProd":true,"type":"application"}
2018-01-16 00:17:16,025 INFO 3768 [egg-schedule]: register schedule /Users/michael.lu/git/github/learn-egg/egg-example/node_modules/egg-logrotator/app/schedule/clean_log.js
2018-01-16 00:17:16,025 INFO 3768 [egg-schedule]: register schedule /Users/michael.lu/git/github/learn-egg/egg-example/node_modules/egg-logrotator/app/schedule/rotate_by_file.js
2018-01-16 00:17:16,158 INFO 3768 [egg-static] starting static serve /public/ -> /Users/michael.lu/git/github/learn-egg/egg-example/app/public
2018-01-16 00:17:16,162 INFO 3768 [egg-security] use csrf middleware
2018-01-16 00:17:16,164 INFO 3768 [egg-security] use methodnoallow middleware
2018-01-16 00:17:16,166 INFO 3768 [egg-security] use noopen middleware
2018-01-16 00:17:16,166 INFO 3768 [egg-security] use nosniff middleware
2018-01-16 00:17:16,168 INFO 3768 [egg-security] use xssProtection middleware
2018-01-16 00:17:16,170 INFO 3768 [egg-security] use xframe middleware
2018-01-16 00:17:16,172 INFO 3768 [egg-security] use dta middleware
2018-01-16 00:17:16,172 INFO 3768 [egg-security] compose 7 middlewares into one security middleware
2018-01-16 00:17:16,209 INFO 3768 [egg-watcher:app] watcher start success
2018-01-16 00:17:23,105 INFO 3768 [egg-view-nunjucks] loading templates from ["/Users/michael.lu/git/github/learn-egg/egg-example/app/view"]
2018-01-16 00:17:41,450 INFO 3783 [egg:logger] init all loggers with options: {"dir":"/Users/michael.lu/git/github/learn-egg/egg-example/logs/egg-example","encoding":"utf8","env":"local","level":"INFO","consoleLevel":"INFO","disableConsoleAfterReady":false,"outputJSON":false,"buffer":true,"appLogName":"egg-example-web.log","coreLogName":"egg-web.log","agentLogName":"egg-agent.log","errorLogName":"common-error.log","coreLogger":{"consoleLevel":"WARN"},"allowDebugAtProd":true,"type":"application"}
2018-01-16 00:17:41,507 INFO 3783 [egg-schedule]: register schedule /Users/michael.lu/git/github/learn-egg/egg-example/node_modules/egg-logrotator/app/schedule/clean_log.js
2018-01-16 00:17:41,507 INFO 3783 [egg-schedule]: register schedule /Users/michael.lu/git/github/learn-egg/egg-example/node_modules/egg-logrotator/app/schedule/rotate_by_file.js
2018-01-16 00:17:41,717 INFO 3783 [egg-static] starting static serve /public/ -> /Users/michael.lu/git/github/learn-egg/egg-example/app/public
2018-01-16 00:17:41,725 INFO 3783 [egg-security] use csrf middleware
2018-01-16 00:17:41,727 INFO 3783 [egg-security] use methodnoallow middleware
2018-01-16 00:17:41,730 INFO 3783 [egg-security] use noopen middleware
2018-01-16 00:17:41,733 INFO 3783 [egg-security] use nosniff middleware
2018-01-16 00:17:41,735 INFO 3783 [egg-security] use xssProtection middleware
2018-01-16 00:17:41,737 INFO 3783 [egg-security] use xframe middleware
2018-01-16 00:17:41,743 INFO 3783 [egg-security] use dta middleware
2018-01-16 00:17:41,743 INFO 3783 [egg-security] compose 7 middlewares into one security middleware
2018-01-16 00:17:42,239 INFO 3783 [egg-watcher:app] watcher start success
2018-01-16 00:17:45,430 INFO 3783 [egg-view-nunjucks] loading templates from ["/Users/michael.lu/git/github/learn-egg/egg-example/app/view"]
2018-01-16 00:18:09,475 INFO 3800 [egg:logger] init all loggers with options: {"dir":"/Users/michael.lu/git/github/learn-egg/egg-example/logs/egg-example","encoding":"utf8","env":"local","level":"INFO","consoleLevel":"INFO","disableConsoleAfterReady":false,"outputJSON":false,"buffer":true,"appLogName":"egg-example-web.log","coreLogName":"egg-web.log","agentLogName":"egg-agent.log","errorLogName":"common-error.log","coreLogger":{"consoleLevel":"WARN"},"allowDebugAtProd":true,"type":"application"}
2018-01-16 00:18:09,510 INFO 3800 [egg-schedule]: register schedule /Users/michael.lu/git/github/learn-egg/egg-example/node_modules/egg-logrotator/app/schedule/clean_log.js
2018-01-16 00:18:09,510 INFO 3800 [egg-schedule]: register schedule /Users/michael.lu/git/github/learn-egg/egg-example/node_modules/egg-logrotator/app/schedule/rotate_by_file.js
2018-01-16 00:18:09,558 INFO 3800 [egg-static] starting static serve /public/ -> /Users/michael.lu/git/github/learn-egg/egg-example/app/public
2018-01-16 00:18:09,561 INFO 3800 [egg-security] use csrf middleware
2018-01-16 00:18:09,562 INFO 3800 [egg-security] use methodnoallow middleware
2018-01-16 00:18:09,562 INFO 3800 [egg-security] use noopen middleware
2018-01-16 00:18:09,562 INFO 3800 [egg-security] use nosniff middleware
2018-01-16 00:18:09,563 INFO 3800 [egg-security] use xssProtection middleware
2018-01-16 00:18:09,563 INFO 3800 [egg-security] use xframe middleware
2018-01-16 00:18:09,563 INFO 3800 [egg-security] use dta middleware
2018-01-16 00:18:09,564 INFO 3800 [egg-security] compose 7 middlewares into one security middleware
2018-01-16 00:18:09,595 INFO 3800 [egg-watcher:app] watcher start success
2018-01-16 00:18:23,067 INFO 3800 [egg-view-nunjucks] loading templates from ["/Users/michael.lu/git/github/learn-egg/egg-example/app/view"]
2018-01-16 00:18:28,398 INFO 3815 [egg:logger] init all loggers with options: {"dir":"/Users/michael.lu/git/github/learn-egg/egg-example/logs/egg-example","encoding":"utf8","env":"local","level":"INFO","consoleLevel":"INFO","disableConsoleAfterReady":false,"outputJSON":false,"buffer":true,"appLogName":"egg-example-web.log","coreLogName":"egg-web.log","agentLogName":"egg-agent.log","errorLogName":"common-error.log","coreLogger":{"consoleLevel":"WARN"},"allowDebugAtProd":true,"type":"application"}
2018-01-16 00:18:28,436 INFO 3815 [egg-schedule]: register schedule /Users/michael.lu/git/github/learn-egg/egg-example/node_modules/egg-logrotator/app/schedule/clean_log.js
2018-01-16 00:18:28,436 INFO 3815 [egg-schedule]: register schedule /Users/michael.lu/git/github/learn-egg/egg-example/node_modules/egg-logrotator/app/schedule/rotate_by_file.js
2018-01-16 00:18:28,484 INFO 3815 [egg-static] starting static serve /public/ -> /Users/michael.lu/git/github/learn-egg/egg-example/app/public
2018-01-16 00:18:28,487 INFO 3815 [egg-security] use csrf middleware
2018-01-16 00:18:28,488 INFO 3815 [egg-security] use methodnoallow middleware
2018-01-16 00:18:28,489 INFO 3815 [egg-security] use noopen middleware
2018-01-16 00:18:28,489 INFO 3815 [egg-security] use nosniff middleware
2018-01-16 00:18:28,489 INFO 3815 [egg-security] use xssProtection middleware
2018-01-16 00:18:28,490 INFO 3815 [egg-security] use xframe middleware
2018-01-16 00:18:28,490 INFO 3815 [egg-security] use dta middleware
2018-01-16 00:18:28,490 INFO 3815 [egg-security] compose 7 middlewares into one security middleware
2018-01-16 00:18:28,523 INFO 3815 [egg-watcher:app] watcher start success
2018-01-16 00:19:15,810 INFO 3834 [egg:logger] init all loggers with options: {"dir":"/Users/michael.lu/git/github/learn-egg/egg-example/logs/egg-example","encoding":"utf8","env":"local","level":"INFO","consoleLevel":"INFO","disableConsoleAfterReady":false,"outputJSON":false,"buffer":true,"appLogName":"egg-example-web.log","coreLogName":"egg-web.log","agentLogName":"egg-agent.log","errorLogName":"common-error.log","coreLogger":{"consoleLevel":"WARN"},"allowDebugAtProd":true,"type":"application"}
2018-01-16 00:19:15,895 INFO 3834 [egg-schedule]: register schedule /Users/michael.lu/git/github/learn-egg/egg-example/node_modules/egg-logrotator/app/schedule/clean_log.js
2018-01-16 00:19:15,895 INFO 3834 [egg-schedule]: register schedule /Users/michael.lu/git/github/learn-egg/egg-example/node_modules/egg-logrotator/app/schedule/rotate_by_file.js
2018-01-16 00:19:16,047 INFO 3834 [egg-static] starting static serve /public/ -> /Users/michael.lu/git/github/learn-egg/egg-example/app/public
2018-01-16 00:19:16,050 INFO 3834 [egg-security] use csrf middleware
2018-01-16 00:19:16,052 INFO 3834 [egg-security] use methodnoallow middleware
2018-01-16 00:19:16,053 INFO 3834 [egg-security] use noopen middleware
2018-01-16 00:19:16,055 INFO 3834 [egg-security] use nosniff middleware
2018-01-16 00:19:16,056 INFO 3834 [egg-security] use xssProtection middleware
2018-01-16 00:19:16,057 INFO 3834 [egg-security] use xframe middleware
2018-01-16 00:19:16,057 INFO 3834 [egg-security] use dta middleware
2018-01-16 00:19:16,057 INFO 3834 [egg-security] compose 7 middlewares into one security middleware
2018-01-16 00:19:16,134 INFO 3834 [egg-watcher:app] watcher start success
2018-01-16 00:19:20,110 INFO 3834 [egg-view-nunjucks] loading templates from ["/Users/michael.lu/git/github/learn-egg/egg-example/app/view"]
2018-01-16 00:19:31,406 INFO 3850 [egg:logger] init all loggers with options: {"dir":"/Users/michael.lu/git/github/learn-egg/egg-example/logs/egg-example","encoding":"utf8","env":"local","level":"INFO","consoleLevel":"INFO","disableConsoleAfterReady":false,"outputJSON":false,"buffer":true,"appLogName":"egg-example-web.log","coreLogName":"egg-web.log","agentLogName":"egg-agent.log","errorLogName":"common-error.log","coreLogger":{"consoleLevel":"WARN"},"allowDebugAtProd":true,"type":"application"}
2018-01-16 00:19:31,439 INFO 3850 [egg-schedule]: register schedule /Users/michael.lu/git/github/learn-egg/egg-example/node_modules/egg-logrotator/app/schedule/clean_log.js
2018-01-16 00:19:31,439 INFO 3850 [egg-schedule]: register schedule /Users/michael.lu/git/github/learn-egg/egg-example/node_modules/egg-logrotator/app/schedule/rotate_by_file.js
2018-01-16 00:19:31,486 INFO 3850 [egg-static] starting static serve /public/ -> /Users/michael.lu/git/github/learn-egg/egg-example/app/public
2018-01-16 00:19:31,489 INFO 3850 [egg-security] use csrf middleware
2018-01-16 00:19:31,490 INFO 3850 [egg-security] use methodnoallow middleware
2018-01-16 00:19:31,490 INFO 3850 [egg-security] use noopen middleware
2018-01-16 00:19:31,490 INFO 3850 [egg-security] use nosniff middleware
2018-01-16 00:19:31,491 INFO 3850 [egg-security] use xssProtection middleware
2018-01-16 00:19:31,491 INFO 3850 [egg-security] use xframe middleware
2018-01-16 00:19:31,491 INFO 3850 [egg-security] use dta middleware
2018-01-16 00:19:31,491 INFO 3850 [egg-security] compose 7 middlewares into one security middleware
2018-01-16 00:19:31,525 INFO 3850 [egg-watcher:app] watcher start success
2018-01-16 00:20:19,312 INFO 3863 [egg:logger] init all loggers with options: {"dir":"/Users/michael.lu/git/github/learn-egg/egg-example/logs/egg-example","encoding":"utf8","env":"local","level":"INFO","consoleLevel":"INFO","disableConsoleAfterReady":false,"outputJSON":false,"buffer":true,"appLogName":"egg-example-web.log","coreLogName":"egg-web.log","agentLogName":"egg-agent.log","errorLogName":"common-error.log","coreLogger":{"consoleLevel":"WARN"},"allowDebugAtProd":true,"type":"application"}
2018-01-16 00:20:19,377 INFO 3863 [egg-schedule]: register schedule /Users/michael.lu/git/github/learn-egg/egg-example/node_modules/egg-logrotator/app/schedule/clean_log.js
2018-01-16 00:20:19,377 INFO 3863 [egg-schedule]: register schedule /Users/michael.lu/git/github/learn-egg/egg-example/node_modules/egg-logrotator/app/schedule/rotate_by_file.js
2018-01-16 00:20:19,460 INFO 3863 [egg-static] starting static serve /public/ -> /Users/michael.lu/git/github/learn-egg/egg-example/app/public
2018-01-16 00:20:19,467 INFO 3863 [egg-security] use csrf middleware
2018-01-16 00:20:19,469 INFO 3863 [egg-security] use methodnoallow middleware
2018-01-16 00:20:19,470 INFO 3863 [egg-security] use noopen middleware
2018-01-16 00:20:19,471 INFO 3863 [egg-security] use nosniff middleware
2018-01-16 00:20:19,472 INFO 3863 [egg-security] use xssProtection middleware
2018-01-16 00:20:19,472 INFO 3863 [egg-security] use xframe middleware
2018-01-16 00:20:19,473 INFO 3863 [egg-security] use dta middleware
2018-01-16 00:20:19,473 INFO 3863 [egg-security] compose 7 middlewares into one security middleware
2018-01-16 00:20:19,525 INFO 3863 [egg-watcher:app] watcher start success
2018-01-16 00:20:32,141 INFO 3863 [egg-view-nunjucks] loading templates from ["/Users/michael.lu/git/github/learn-egg/egg-example/app/view"]
2018-01-16 00:21:12,637 INFO 3876 [egg:logger] init all loggers with options: {"dir":"/Users/michael.lu/git/github/learn-egg/egg-example/logs/egg-example","encoding":"utf8","env":"local","level":"INFO","consoleLevel":"INFO","disableConsoleAfterReady":false,"outputJSON":false,"buffer":true,"appLogName":"egg-example-web.log","coreLogName":"egg-web.log","agentLogName":"egg-agent.log","errorLogName":"common-error.log","coreLogger":{"consoleLevel":"WARN"},"allowDebugAtProd":true,"type":"application"}
2018-01-16 00:21:12,675 INFO 3876 [egg-schedule]: register schedule /Users/michael.lu/git/github/learn-egg/egg-example/node_modules/egg-logrotator/app/schedule/clean_log.js
2018-01-16 00:21:12,675 INFO 3876 [egg-schedule]: register schedule /Users/michael.lu/git/github/learn-egg/egg-example/node_modules/egg-logrotator/app/schedule/rotate_by_file.js
2018-01-16 00:21:12,732 INFO 3876 [egg-static] starting static serve /public/ -> /Users/michael.lu/git/github/learn-egg/egg-example/app/public
2018-01-16 00:21:12,735 INFO 3876 [egg-security] use csrf middleware
2018-01-16 00:21:12,736 INFO 3876 [egg-security] use methodnoallow middleware
2018-01-16 00:21:12,736 INFO 3876 [egg-security] use noopen middleware
2018-01-16 00:21:12,737 INFO 3876 [egg-security] use nosniff middleware
2018-01-16 00:21:12,737 INFO 3876 [egg-security] use xssProtection middleware
2018-01-16 00:21:12,737 INFO 3876 [egg-security] use xframe middleware
2018-01-16 00:21:12,738 INFO 3876 [egg-security] use dta middleware
2018-01-16 00:21:12,738 INFO 3876 [egg-security] compose 7 middlewares into one security middleware
2018-01-16 00:21:12,766 INFO 3876 [egg-watcher:app] watcher start success
2018-01-16 00:21:15,736 INFO 3876 [egg-view-nunjucks] loading templates from ["/Users/michael.lu/git/github/learn-egg/egg-example/app/view"]
